Using pre-set license
Built from '2020.2/release' branch; Version is '2020.2.1f1 (270dd8c3da1c) revision 2559448'; Using compiler version '192528614'; Build Type 'Release'
OS: 'Windows 10  (10.0.0) 64bit' Language: 'en' Physical Memory: 16227 MB
BatchMode: 1, IsHumanControllingUs: 0, StartBugReporterOnCrash: 0, Is64bit: 1, IsPro: 0

 COMMAND LINE ARGUMENTS:
C:\Program Files\Unity\2020.2.1f1\Editor\Unity.exe
-adb2
-batchMode
-noUpm
-name
AssetImportWorker0
-projectPath
D:/HKU/HKU documents/vervangende ISA/Project Hybrid
-logFile
Logs/AssetImportWorker0.log
-srvPort
65291
Successfully changed project path to: D:/HKU/HKU documents/vervangende ISA/Project Hybrid
D:/HKU/HKU documents/vervangende ISA/Project Hybrid
Using Asset Import Pipeline V2.
Refreshing native plugins compatible for Editor in 48.85 ms, found 0 plugins.
Preloading 0 native plugins for Editor in 0.00 ms.
Initialize engine version: 2020.2.1f1 (270dd8c3da1c)
[Subsystems] Discovering subsystems at path C:/Program Files/Unity/2020.2.1f1/Editor/Data/Resources/UnitySubsystems
[Subsystems] Discovering subsystems at path D:/HKU/HKU documents/vervangende ISA/Project Hybrid/Assets
GfxDevice: creating device client; threaded=0
Direct3D:
    Version:  Direct3D 11.0 [level 11.1]
    Renderer: NVIDIA GeForce RTX 2060 (ID=0x1f11)
    Vendor:   
    VRAM:     5980 MB
    Driver:   26.21.14.4614
Shader 'Universal Render Pipeline/Particles/Lit': fallback shader 'Universal Render Pipeline/Particles/SimpleLit' not found
Initialize mono
Mono path[0] = 'C:/Program Files/Unity/2020.2.1f1/Editor/Data/Managed'
Mono path[1] = 'C:/Program Files/Unity/2020.2.1f1/Editor/Data/MonoBleedingEdge/lib/mono/unityjit'
Mono config path = 'C:/Program Files/Unity/2020.2.1f1/Editor/Data/MonoBleedingEdge/etc'
Using monoOptions --debugger-agent=transport=dt_socket,embedding=1,server=y,suspend=n,address=127.0.0.1:56948
Begin MonoManager ReloadAssembly
Registering precompiled unity dll's ...
Register platform support module: C:/Program Files/Unity/2020.2.1f1/Editor/Data/PlaybackEngines/WebGLSupport/UnityEditor.WebGL.Extensions.dll
Register platform support module: C:/Program Files/Unity/2020.2.1f1/Editor/Data/PlaybackEngines/MacStandaloneSupport/UnityEditor.OSXStandalone.Extensions.dll
Register platform support module: C:/Program Files/Unity/2020.2.1f1/Editor/Data/PlaybackEngines/WindowsStandaloneSupport/UnityEditor.WindowsStandalone.Extensions.dll
Registered in 0.002420 seconds.
Native extension for WindowsStandalone target not found
Native extension for OSXStandalone target not found
Native extension for WebGL target not found
Refreshing native plugins compatible for Editor in 45.16 ms, found 0 plugins.
Preloading 0 native plugins for Editor in 0.00 ms.
Invoked RoslynAnalysisRunner static constructor.
RoslynAnalysisRunner will not be running.
RoslynAnalysisRunner has terminated.
Mono: successfully reloaded assembly
- Completed reload, in  1.230 seconds
Platform modules already initialized, skipping
Registering precompiled user dll's ...
Registered in 0.000989 seconds.
Begin MonoManager ReloadAssembly
Native extension for WindowsStandalone target not found
Native extension for OSXStandalone target not found
Native extension for WebGL target not found
Refreshing native plugins compatible for Editor in 45.49 ms, found 0 plugins.
Preloading 0 native plugins for Editor in 0.00 ms.
Invoked RoslynAnalysisRunner static constructor.
RoslynAnalysisRunner will not be running.
RoslynAnalysisRunner has terminated.
Mono: successfully reloaded assembly
- Completed reload, in  0.901 seconds
Platform modules already initialized, skipping
========================================================================
Worker process is ready to serve import requests
Shader 'Universal Render Pipeline/Particles/Lit': fallback shader 'Universal Render Pipeline/Particles/SimpleLit' not found
Launched and connected shader compiler UnityShaderCompiler.exe after 0.05 seconds
Refreshing native plugins compatible for Editor in 0.38 ms, found 0 plugins.
Preloading 0 native plugins for Editor in 0.00 ms.
Unloading 2375 Unused Serialized files (Serialized files now loaded: 0)
System memory in use before: 122.4 MB.
System memory in use after: 122.6 MB.

Unloading 10 unused Assets to reduce memory usage. Loaded Objects now: 2830.
Total: 4.446300 ms (FindLiveObjects: 0.816600 ms CreateObjectMapping: 0.404800 ms MarkObjects: 3.150700 ms  DeleteObjects: 0.072200 ms)

========================================================================
Received Import Request.
  path: Assets/EnvironmentPrefabs/Environment 5.prefab
  artifactKey: Guid(c3645d62ddd40fc4eb5d852ec78bc777) Importer(815301076,1909f56bfc062723c751e8b465ee728b)
Start importing Assets/EnvironmentPrefabs/Environment 5.prefab using Guid(c3645d62ddd40fc4eb5d852ec78bc777) Importer(815301076,1909f56bfc062723c751e8b465ee728b)  -> (artifact id: '36acdcd397c79b492f42f36b45e1ffdb') in 0.251443 seconds
  Import took 0.257129 seconds .

========================================================================
Received Import Request.
  Time since last request: 0.000538 seconds.
  path: Assets/EnvironmentPrefabs/Environment 4.prefab
  artifactKey: Guid(83965a468e3f23d40bc013f2cefeb6a6) Importer(815301076,1909f56bfc062723c751e8b465ee728b)
Start importing Assets/EnvironmentPrefabs/Environment 4.prefab using Guid(83965a468e3f23d40bc013f2cefeb6a6) Importer(815301076,1909f56bfc062723c751e8b465ee728b)  -> (artifact id: '7a2e240ac4741f5f5f1d94617f43bd22') in 0.017943 seconds
  Import took 0.021965 seconds .

========================================================================
Received Import Request.
  Time since last request: 0.000335 seconds.
  path: Assets/EnvironmentPrefabs/Environment 1.prefab
  artifactKey: Guid(ea37e17e29e3e3543978bb1921433441) Importer(815301076,1909f56bfc062723c751e8b465ee728b)
Start importing Assets/EnvironmentPrefabs/Environment 1.prefab using Guid(ea37e17e29e3e3543978bb1921433441) Importer(815301076,1909f56bfc062723c751e8b465ee728b)  -> (artifact id: '9da0d1c9f57c24c675481b2c600ed1ba') in 0.019033 seconds
  Import took 0.025051 seconds .

========================================================================
Received Import Request.
  Time since last request: 0.000335 seconds.
  path: Assets/EnvironmentPrefabs/Environment 3.prefab
  artifactKey: Guid(9b16592faeb2e9042a2a9dc59763e61c) Importer(815301076,1909f56bfc062723c751e8b465ee728b)
Start importing Assets/EnvironmentPrefabs/Environment 3.prefab using Guid(9b16592faeb2e9042a2a9dc59763e61c) Importer(815301076,1909f56bfc062723c751e8b465ee728b)  -> (artifact id: '42980f55b6c18dbb478324fee4e918b5') in 0.023956 seconds
  Import took 0.027874 seconds .

========================================================================
Received Import Request.
  Time since last request: 0.000237 seconds.
  path: Assets/EnvironmentPrefabs/Environment 6.prefab
  artifactKey: Guid(35462ebf52b9f154f8c31acd5d9ac5c3) Importer(815301076,1909f56bfc062723c751e8b465ee728b)
Start importing Assets/EnvironmentPrefabs/Environment 6.prefab using Guid(35462ebf52b9f154f8c31acd5d9ac5c3) Importer(815301076,1909f56bfc062723c751e8b465ee728b)  -> (artifact id: '88c1d3d78287d2e10b76876c6e0fb197') in 0.019949 seconds
  Import took 0.024243 seconds .

========================================================================
Received Import Request.
  Time since last request: 0.000252 seconds.
  path: Assets/EnvironmentPrefabs/Environment 2.prefab
  artifactKey: Guid(9f007b8ac5ed23143a890e87d95280fb) Importer(815301076,1909f56bfc062723c751e8b465ee728b)
Start importing Assets/EnvironmentPrefabs/Environment 2.prefab using Guid(9f007b8ac5ed23143a890e87d95280fb) Importer(815301076,1909f56bfc062723c751e8b465ee728b)  -> (artifact id: 'd368a59d7ee71794f6b3fe2ab2cc5d2f') in 0.018308 seconds
  Import took 0.022928 seconds .

========================================================================
Received Import Request.
  Time since last request: 0.003175 seconds.
  path: Assets/EnvironmentPrefabs/Environment 2.prefab
  artifactKey: Guid(9f007b8ac5ed23143a890e87d95280fb) Importer(815301076,1909f56bfc062723c751e8b465ee728b)
Start importing Assets/EnvironmentPrefabs/Environment 2.prefab using Guid(9f007b8ac5ed23143a890e87d95280fb) Importer(815301076,1909f56bfc062723c751e8b465ee728b)  -> (artifact id: 'd368a59d7ee71794f6b3fe2ab2cc5d2f') in 0.013851 seconds
  Import took 0.019651 seconds .

========================================================================
Received Import Request.
  Time since last request: 176.541870 seconds.
  path: Assets/Scripts/EnvironmentSpawnScript.cs
  artifactKey: Guid(120f2e92100fd764fb05425b7521c063) Importer(815301076,1909f56bfc062723c751e8b465ee728b)
Start importing Assets/Scripts/EnvironmentSpawnScript.cs using Guid(120f2e92100fd764fb05425b7521c063) Importer(815301076,1909f56bfc062723c751e8b465ee728b)  -> (artifact id: '19b4faabaece2144cb95719dc275f646') in 0.015252 seconds
  Import took 0.019798 seconds .

========================================================================
Received Import Request.
  Time since last request: 0.014807 seconds.
  path: Assets/Scripts/EnvironmentSpawnScript.cs
  artifactKey: Guid(120f2e92100fd764fb05425b7521c063) Importer(815301076,1909f56bfc062723c751e8b465ee728b)
Start importing Assets/Scripts/EnvironmentSpawnScript.cs using Guid(120f2e92100fd764fb05425b7521c063) Importer(815301076,1909f56bfc062723c751e8b465ee728b)  -> (artifact id: '19b4faabaece2144cb95719dc275f646') in 0.002327 seconds
  Import took 0.005843 seconds .

========================================================================
Received Prepare
Registering precompiled user dll's ...
Registered in 0.000969 seconds.
Begin MonoManager ReloadAssembly
Native extension for WindowsStandalone target not found
Native extension for OSXStandalone target not found
Native extension for WebGL target not found
Refreshing native plugins compatible for Editor in 0.35 ms, found 0 plugins.
Preloading 0 native plugins for Editor in 0.00 ms.
Invoked RoslynAnalysisRunner static constructor.
RoslynAnalysisRunner will not be running.
RoslynAnalysisRunner has terminated.
Mono: successfully reloaded assembly
- Completed reload, in  0.853 seconds
Platform modules already initialized, skipping
Shader 'Universal Render Pipeline/Particles/Lit': fallback shader 'Universal Render Pipeline/Particles/SimpleLit' not found
Refreshing native plugins compatible for Editor in 0.46 ms, found 0 plugins.
Preloading 0 native plugins for Editor in 0.00 ms.
Unloading 2266 Unused Serialized files (Serialized files now loaded: 0)
System memory in use before: 122.3 MB.
System memory in use after: 122.6 MB.

Unloading 5 unused Assets to reduce memory usage. Loaded Objects now: 2879.
Total: 2.943600 ms (FindLiveObjects: 0.623400 ms CreateObjectMapping: 0.186800 ms MarkObjects: 2.114300 ms  DeleteObjects: 0.017300 ms)

========================================================================
Received Prepare
Registering precompiled user dll's ...
Registered in 0.000953 seconds.
Begin MonoManager ReloadAssembly
Native extension for WindowsStandalone target not found
Native extension for OSXStandalone target not found
Native extension for WebGL target not found
Refreshing native plugins compatible for Editor in 0.55 ms, found 0 plugins.
Preloading 0 native plugins for Editor in 0.00 ms.
Invoked RoslynAnalysisRunner static constructor.
RoslynAnalysisRunner will not be running.
RoslynAnalysisRunner has terminated.
Mono: successfully reloaded assembly
- Completed reload, in  0.835 seconds
Platform modules already initialized, skipping
Shader 'Universal Render Pipeline/Particles/Lit': fallback shader 'Universal Render Pipeline/Particles/SimpleLit' not found
Refreshing native plugins compatible for Editor in 0.35 ms, found 0 plugins.
Preloading 0 native plugins for Editor in 0.00 ms.
Unloading 2266 Unused Serialized files (Serialized files now loaded: 0)
System memory in use before: 123.0 MB.
System memory in use after: 123.2 MB.

Unloading 5 unused Assets to reduce memory usage. Loaded Objects now: 2881.
Total: 1.946800 ms (FindLiveObjects: 0.223200 ms CreateObjectMapping: 0.104500 ms MarkObjects: 1.599800 ms  DeleteObjects: 0.018400 ms)

========================================================================
Received Import Request.
  Time since last request: 549.966464 seconds.
  path: Assets/EnvironmentMaterials/1.mat
  artifactKey: Guid(a064b15259f53ce478041f61ffff4c31) Importer(815301076,1909f56bfc062723c751e8b465ee728b)
Start importing Assets/EnvironmentMaterials/1.mat using Guid(a064b15259f53ce478041f61ffff4c31) Importer(815301076,1909f56bfc062723c751e8b465ee728b)  -> (artifact id: 'e1868136a0b4f419c2ca251a101a33c9') in 0.161749 seconds
  Import took 0.166333 seconds .

========================================================================
Received Import Request.
  Time since last request: 0.000268 seconds.
  path: Assets/EnvironmentMaterials/2.mat
  artifactKey: Guid(ac2b06519500cf048a89e9b0b766687f) Importer(815301076,1909f56bfc062723c751e8b465ee728b)
Start importing Assets/EnvironmentMaterials/2.mat using Guid(ac2b06519500cf048a89e9b0b766687f) Importer(815301076,1909f56bfc062723c751e8b465ee728b)  -> (artifact id: '13a4dd0108d03573a94f46ffca3bf951') in 0.020555 seconds
  Import took 0.024032 seconds .

========================================================================
Received Import Request.
  Time since last request: 0.000266 seconds.
  path: Assets/EnvironmentMaterials/BusMaterial.mat
  artifactKey: Guid(92815abf8b5b4a54b925110afa3b0686) Importer(815301076,1909f56bfc062723c751e8b465ee728b)
Start importing Assets/EnvironmentMaterials/BusMaterial.mat using Guid(92815abf8b5b4a54b925110afa3b0686) Importer(815301076,1909f56bfc062723c751e8b465ee728b)  -> (artifact id: '462a8d67afd1d7ed7cb5ee2b310a525b') in 0.018451 seconds
  Import took 0.023916 seconds .

========================================================================
Received Import Request.
  Time since last request: 0.000251 seconds.
  path: Assets/EnvironmentMaterials/6.mat
  artifactKey: Guid(167f254b5a852164b9da0feef9da7951) Importer(815301076,1909f56bfc062723c751e8b465ee728b)
Start importing Assets/EnvironmentMaterials/6.mat using Guid(167f254b5a852164b9da0feef9da7951) Importer(815301076,1909f56bfc062723c751e8b465ee728b)  -> (artifact id: '172fee1a5787ff8e1e0d6528afe76719') in 0.017952 seconds
  Import took 0.021860 seconds .

========================================================================
Received Import Request.
  Time since last request: 0.000285 seconds.
  path: Assets/EnvironmentMaterials/3.mat
  artifactKey: Guid(dbe73d648a376304586f858cb09f5343) Importer(815301076,1909f56bfc062723c751e8b465ee728b)
Start importing Assets/EnvironmentMaterials/3.mat using Guid(dbe73d648a376304586f858cb09f5343) Importer(815301076,1909f56bfc062723c751e8b465ee728b)  -> (artifact id: '803c4b49715c02367f05fe0b90cc759d') in 0.022168 seconds
  Import took 0.026163 seconds .

========================================================================
Received Import Request.
  Time since last request: 0.000319 seconds.
  path: Assets/EnvironmentMaterials/5.mat
  artifactKey: Guid(d18ba7265ad6a2e46ae209bed588df31) Importer(815301076,1909f56bfc062723c751e8b465ee728b)
Start importing Assets/EnvironmentMaterials/5.mat using Guid(d18ba7265ad6a2e46ae209bed588df31) Importer(815301076,1909f56bfc062723c751e8b465ee728b)  -> (artifact id: '2bfc18ca2d8ec46c10e34939272ea254') in 0.018336 seconds
  Import took 0.022008 seconds .

========================================================================
Received Import Request.
  Time since last request: 0.000269 seconds.
  path: Assets/EnvironmentMaterials/3.mat
  artifactKey: Guid(dbe73d648a376304586f858cb09f5343) Importer(815301076,1909f56bfc062723c751e8b465ee728b)
Start importing Assets/EnvironmentMaterials/3.mat using Guid(dbe73d648a376304586f858cb09f5343) Importer(815301076,1909f56bfc062723c751e8b465ee728b)  -> (artifact id: '803c4b49715c02367f05fe0b90cc759d') in 0.013217 seconds
  Import took 0.017427 seconds .

========================================================================
Received Import Request.
  Time since last request: 0.000417 seconds.
  path: Assets/EnvironmentMaterials/4.mat
  artifactKey: Guid(968161fbca343e54d8b21db611e9e429) Importer(815301076,1909f56bfc062723c751e8b465ee728b)
Start importing Assets/EnvironmentMaterials/4.mat using Guid(968161fbca343e54d8b21db611e9e429) Importer(815301076,1909f56bfc062723c751e8b465ee728b)  -> (artifact id: '16b9f5646c015ae40d39fed14e58aaf4') in 0.020350 seconds
  Import took 0.024876 seconds .

========================================================================
Received Import Request.
  Time since last request: 0.510113 seconds.
  path: Assets/EnvironmentMaterials
  artifactKey: Guid(4fdc4a1dc1addbf4092c00aa4188fb21) Importer(815301076,1909f56bfc062723c751e8b465ee728b)
Start importing Assets/EnvironmentMaterials using Guid(4fdc4a1dc1addbf4092c00aa4188fb21) Importer(815301076,1909f56bfc062723c751e8b465ee728b)  -> (artifact id: 'c6d752442314d70215c33da68cd06af9') in 0.006632 seconds
  Import took 0.010541 seconds .

========================================================================
Received Import Request.
  Time since last request: 4.893031 seconds.
  path: Assets/EnvironmentMaterials/6 1.mat
  artifactKey: Guid(3f243508e129e614887dfb43ef9b0961) Importer(815301076,1909f56bfc062723c751e8b465ee728b)
Start importing Assets/EnvironmentMaterials/6 1.mat using Guid(3f243508e129e614887dfb43ef9b0961) Importer(815301076,1909f56bfc062723c751e8b465ee728b)  -> (artifact id: '9b18ab41ef556bcb5aeabd2d4f9812ec') in 0.015509 seconds
  Import took 0.019692 seconds .

========================================================================
Received Import Request.
  Time since last request: 1.172609 seconds.
  path: Assets/EnvironmentMaterials/6 2.mat
  artifactKey: Guid(249bd111452df484a879b0508c4780db) Importer(815301076,1909f56bfc062723c751e8b465ee728b)
Start importing Assets/EnvironmentMaterials/6 2.mat using Guid(249bd111452df484a879b0508c4780db) Importer(815301076,1909f56bfc062723c751e8b465ee728b)  -> (artifact id: 'ad8a1eee23df46c95e8095dca0a7fa20') in 0.015581 seconds
  Import took 0.020213 seconds .

========================================================================
Received Import Request.
  Time since last request: 108.675033 seconds.
  path: Assets/EnvironmentPrefabs/Environment 7.prefab
  artifactKey: Guid(df6f235de08df084e93fbb23b5cfd30f) Importer(815301076,1909f56bfc062723c751e8b465ee728b)
Start importing Assets/EnvironmentPrefabs/Environment 7.prefab using Guid(df6f235de08df084e93fbb23b5cfd30f) Importer(815301076,1909f56bfc062723c751e8b465ee728b)  -> (artifact id: '59a0b1d53b20d3445ab47c0d48fa0aad') in 0.025779 seconds
  Import took 0.029536 seconds .

========================================================================
Received Import Request.
  Time since last request: 1.538713 seconds.
  path: Assets/EnvironmentPrefabs/Environment 8.prefab
  artifactKey: Guid(46c086741f6929c45ae467005415b599) Importer(815301076,1909f56bfc062723c751e8b465ee728b)
Start importing Assets/EnvironmentPrefabs/Environment 8.prefab using Guid(46c086741f6929c45ae467005415b599) Importer(815301076,1909f56bfc062723c751e8b465ee728b)  -> (artifact id: 'cc5b59eccc9efed8a704605547573392') in 0.015573 seconds
  Import took 0.018975 seconds .

========================================================================
Received Import Request.
  Time since last request: 1.970072 seconds.
  path: Assets/EnvironmentPrefabs/Environment 9.prefab
  artifactKey: Guid(1e62f84624597b6489dcfab5abc171c1) Importer(815301076,1909f56bfc062723c751e8b465ee728b)
Start importing Assets/EnvironmentPrefabs/Environment 9.prefab using Guid(1e62f84624597b6489dcfab5abc171c1) Importer(815301076,1909f56bfc062723c751e8b465ee728b)  -> (artifact id: 'c8b5ae0dd1b50dac377e2698d524579a') in 0.015382 seconds
  Import took 0.019691 seconds .

========================================================================
Received Prepare
Registering precompiled user dll's ...
Registered in 0.000965 seconds.
Begin MonoManager ReloadAssembly
Native extension for WindowsStandalone target not found
Native extension for OSXStandalone target not found
Native extension for WebGL target not found
Refreshing native plugins compatible for Editor in 0.37 ms, found 0 plugins.
Preloading 0 native plugins for Editor in 0.00 ms.
Invoked RoslynAnalysisRunner static constructor.
RoslynAnalysisRunner will not be running.
RoslynAnalysisRunner has terminated.
Mono: successfully reloaded assembly
- Completed reload, in  0.827 seconds
Platform modules already initialized, skipping
Shader 'Universal Render Pipeline/Particles/Lit': fallback shader 'Universal Render Pipeline/Particles/SimpleLit' not found
Refreshing native plugins compatible for Editor in 0.36 ms, found 0 plugins.
Preloading 0 native plugins for Editor in 0.00 ms.
Unloading 2266 Unused Serialized files (Serialized files now loaded: 0)
System memory in use before: 123.8 MB.
System memory in use after: 124.0 MB.

Unloading 5 unused Assets to reduce memory usage. Loaded Objects now: 2952.
Total: 2.283000 ms (FindLiveObjects: 0.297500 ms CreateObjectMapping: 0.115600 ms MarkObjects: 1.852100 ms  DeleteObjects: 0.016300 ms)

========================================================================
Received Prepare
Registering precompiled user dll's ...
Registered in 0.000952 seconds.
Begin MonoManager ReloadAssembly
Native extension for WindowsStandalone target not found
Native extension for OSXStandalone target not found
Native extension for WebGL target not found
Refreshing native plugins compatible for Editor in 0.36 ms, found 0 plugins.
Preloading 0 native plugins for Editor in 0.00 ms.
Invoked RoslynAnalysisRunner static constructor.
RoslynAnalysisRunner will not be running.
RoslynAnalysisRunner has terminated.
Mono: successfully reloaded assembly
- Completed reload, in  0.832 seconds
Platform modules already initialized, skipping
Shader 'Universal Render Pipeline/Particles/Lit': fallback shader 'Universal Render Pipeline/Particles/SimpleLit' not found
Refreshing native plugins compatible for Editor in 0.56 ms, found 0 plugins.
Preloading 0 native plugins for Editor in 0.00 ms.
Unloading 2266 Unused Serialized files (Serialized files now loaded: 0)
System memory in use before: 123.5 MB.
System memory in use after: 123.7 MB.

Unloading 5 unused Assets to reduce memory usage. Loaded Objects now: 2954.
Total: 2.061500 ms (FindLiveObjects: 0.229000 ms CreateObjectMapping: 0.076900 ms MarkObjects: 1.741100 ms  DeleteObjects: 0.013600 ms)

========================================================================
Received Prepare
Registering precompiled user dll's ...
Registered in 0.001416 seconds.
Begin MonoManager ReloadAssembly
Native extension for WindowsStandalone target not found
Native extension for OSXStandalone target not found
Native extension for WebGL target not found
Refreshing native plugins compatible for Editor in 0.49 ms, found 0 plugins.
Preloading 0 native plugins for Editor in 0.00 ms.
Invoked RoslynAnalysisRunner static constructor.
RoslynAnalysisRunner will not be running.
RoslynAnalysisRunner has terminated.
Mono: successfully reloaded assembly
- Completed reload, in  0.917 seconds
Platform modules already initialized, skipping
Shader 'Universal Render Pipeline/Particles/Lit': fallback shader 'Universal Render Pipeline/Particles/SimpleLit' not found
Refreshing native plugins compatible for Editor in 0.82 ms, found 0 plugins.
Preloading 0 native plugins for Editor in 0.00 ms.
Unloading 2266 Unused Serialized files (Serialized files now loaded: 0)
System memory in use before: 123.7 MB.
System memory in use after: 123.9 MB.

Unloading 5 unused Assets to reduce memory usage. Loaded Objects now: 2956.
Total: 2.922100 ms (FindLiveObjects: 0.528200 ms CreateObjectMapping: 0.205700 ms MarkObjects: 2.166700 ms  DeleteObjects: 0.020300 ms)

========================================================================
Received Prepare
Registering precompiled user dll's ...
Registered in 0.000976 seconds.
Begin MonoManager ReloadAssembly
Native extension for WindowsStandalone target not found
Native extension for OSXStandalone target not found
Native extension for WebGL target not found
Refreshing native plugins compatible for Editor in 0.35 ms, found 0 plugins.
Preloading 0 native plugins for Editor in 0.00 ms.
Invoked RoslynAnalysisRunner static constructor.
RoslynAnalysisRunner will not be running.
RoslynAnalysisRunner has terminated.
Mono: successfully reloaded assembly
- Completed reload, in  0.871 seconds
Platform modules already initialized, skipping
Shader 'Universal Render Pipeline/Particles/Lit': fallback shader 'Universal Render Pipeline/Particles/SimpleLit' not found
Refreshing native plugins compatible for Editor in 0.52 ms, found 0 plugins.
Preloading 0 native plugins for Editor in 0.00 ms.
Unloading 2266 Unused Serialized files (Serialized files now loaded: 0)
System memory in use before: 123.6 MB.
System memory in use after: 123.8 MB.

Unloading 5 unused Assets to reduce memory usage. Loaded Objects now: 2958.
Total: 2.376500 ms (FindLiveObjects: 0.299400 ms CreateObjectMapping: 0.111400 ms MarkObjects: 1.944600 ms  DeleteObjects: 0.020100 ms)

========================================================================
Received Prepare
Registering precompiled user dll's ...
Registered in 0.001365 seconds.
Begin MonoManager ReloadAssembly
Native extension for WindowsStandalone target not found
Native extension for OSXStandalone target not found
Native extension for WebGL target not found
Refreshing native plugins compatible for Editor in 1.24 ms, found 0 plugins.
Preloading 0 native plugins for Editor in 0.00 ms.
Invoked RoslynAnalysisRunner static constructor.
RoslynAnalysisRunner will not be running.
RoslynAnalysisRunner has terminated.
Mono: successfully reloaded assembly
- Completed reload, in  1.191 seconds
Platform modules already initialized, skipping
Shader 'Universal Render Pipeline/Particles/Lit': fallback shader 'Universal Render Pipeline/Particles/SimpleLit' not found
Refreshing native plugins compatible for Editor in 0.52 ms, found 0 plugins.
Preloading 0 native plugins for Editor in 0.00 ms.
Unloading 2266 Unused Serialized files (Serialized files now loaded: 0)
System memory in use before: 123.8 MB.
System memory in use after: 124.0 MB.

Unloading 5 unused Assets to reduce memory usage. Loaded Objects now: 2960.
Total: 2.493900 ms (FindLiveObjects: 0.283800 ms CreateObjectMapping: 0.133000 ms MarkObjects: 2.059300 ms  DeleteObjects: 0.016500 ms)

========================================================================
Received Prepare
Registering precompiled user dll's ...
Registered in 0.001007 seconds.
Begin MonoManager ReloadAssembly
Native extension for WindowsStandalone target not found
Native extension for OSXStandalone target not found
Native extension for WebGL target not found
Refreshing native plugins compatible for Editor in 0.38 ms, found 0 plugins.
Preloading 0 native plugins for Editor in 0.00 ms.
Invoked RoslynAnalysisRunner static constructor.
RoslynAnalysisRunner will not be running.
RoslynAnalysisRunner has terminated.
Mono: successfully reloaded assembly
- Completed reload, in  0.881 seconds
Platform modules already initialized, skipping
Shader 'Universal Render Pipeline/Particles/Lit': fallback shader 'Universal Render Pipeline/Particles/SimpleLit' not found
Refreshing native plugins compatible for Editor in 0.55 ms, found 0 plugins.
Preloading 0 native plugins for Editor in 0.00 ms.
Unloading 2266 Unused Serialized files (Serialized files now loaded: 0)
System memory in use before: 123.7 MB.
System memory in use after: 124.0 MB.

Unloading 5 unused Assets to reduce memory usage. Loaded Objects now: 2962.
Total: 2.098700 ms (FindLiveObjects: 0.303600 ms CreateObjectMapping: 0.101300 ms MarkObjects: 1.677600 ms  DeleteObjects: 0.015000 ms)

========================================================================
Received Prepare
Registering precompiled user dll's ...
Registered in 0.000981 seconds.
Begin MonoManager ReloadAssembly
Native extension for WindowsStandalone target not found
Native extension for OSXStandalone target not found
Native extension for WebGL target not found
Refreshing native plugins compatible for Editor in 0.41 ms, found 0 plugins.
Preloading 0 native plugins for Editor in 0.00 ms.
Invoked RoslynAnalysisRunner static constructor.
RoslynAnalysisRunner will not be running.
RoslynAnalysisRunner has terminated.
Mono: successfully reloaded assembly
- Completed reload, in  0.848 seconds
Platform modules already initialized, skipping
Shader 'Universal Render Pipeline/Particles/Lit': fallback shader 'Universal Render Pipeline/Particles/SimpleLit' not found
Refreshing native plugins compatible for Editor in 0.33 ms, found 0 plugins.
Preloading 0 native plugins for Editor in 0.00 ms.
Unloading 2266 Unused Serialized files (Serialized files now loaded: 0)
System memory in use before: 123.8 MB.
System memory in use after: 124.0 MB.

Unloading 5 unused Assets to reduce memory usage. Loaded Objects now: 2964.
Total: 2.075000 ms (FindLiveObjects: 0.249300 ms CreateObjectMapping: 0.115500 ms MarkObjects: 1.687500 ms  DeleteObjects: 0.021500 ms)

========================================================================
Received Prepare
Registering precompiled user dll's ...
Registered in 0.001394 seconds.
Begin MonoManager ReloadAssembly
Native extension for WindowsStandalone target not found
Native extension for OSXStandalone target not found
Native extension for WebGL target not found
Refreshing native plugins compatible for Editor in 0.34 ms, found 0 plugins.
Preloading 0 native plugins for Editor in 0.00 ms.
Invoked RoslynAnalysisRunner static constructor.
RoslynAnalysisRunner will not be running.
RoslynAnalysisRunner has terminated.
Mono: successfully reloaded assembly
- Completed reload, in  0.837 seconds
Platform modules already initialized, skipping
Shader 'Universal Render Pipeline/Particles/Lit': fallback shader 'Universal Render Pipeline/Particles/SimpleLit' not found
Refreshing native plugins compatible for Editor in 0.43 ms, found 0 plugins.
Preloading 0 native plugins for Editor in 0.00 ms.
Unloading 2266 Unused Serialized files (Serialized files now loaded: 0)
System memory in use before: 123.7 MB.
System memory in use after: 123.9 MB.

Unloading 5 unused Assets to reduce memory usage. Loaded Objects now: 2966.
Total: 2.229300 ms (FindLiveObjects: 0.339900 ms CreateObjectMapping: 0.115400 ms MarkObjects: 1.760100 ms  DeleteObjects: 0.013000 ms)

========================================================================
Received Import Request.
  Time since last request: 940.776163 seconds.
  path: Assets/BusPrefabs/BusStop.prefab
  artifactKey: Guid(a1fcfde1af730b845924e4f9ea7b7c6b) Importer(815301076,1909f56bfc062723c751e8b465ee728b)
Start importing Assets/BusPrefabs/BusStop.prefab using Guid(a1fcfde1af730b845924e4f9ea7b7c6b) Importer(815301076,1909f56bfc062723c751e8b465ee728b)  -> (artifact id: '323fc7abc8bc9c94fa270ddf4bfcacb5') in 0.162540 seconds
  Import took 0.166368 seconds .

========================================================================
Received Prepare
Registering precompiled user dll's ...
Registered in 0.001039 seconds.
Begin MonoManager ReloadAssembly
Native extension for WindowsStandalone target not found
Native extension for OSXStandalone target not found
Native extension for WebGL target not found
Refreshing native plugins compatible for Editor in 0.52 ms, found 0 plugins.
Preloading 0 native plugins for Editor in 0.00 ms.
Invoked RoslynAnalysisRunner static constructor.
RoslynAnalysisRunner will not be running.
RoslynAnalysisRunner has terminated.
Mono: successfully reloaded assembly
- Completed reload, in  0.810 seconds
Platform modules already initialized, skipping
Shader 'Universal Render Pipeline/Particles/Lit': fallback shader 'Universal Render Pipeline/Particles/SimpleLit' not found
Refreshing native plugins compatible for Editor in 0.35 ms, found 0 plugins.
Preloading 0 native plugins for Editor in 0.00 ms.
Unloading 2266 Unused Serialized files (Serialized files now loaded: 0)
System memory in use before: 123.5 MB.
System memory in use after: 123.7 MB.

Unloading 5 unused Assets to reduce memory usage. Loaded Objects now: 3004.
Total: 2.331800 ms (FindLiveObjects: 0.374100 ms CreateObjectMapping: 0.161600 ms MarkObjects: 1.778000 ms  DeleteObjects: 0.016600 ms)

========================================================================
Received Import Request.
  Time since last request: 86.887782 seconds.
  path: ProjectSettings/TagManager.asset
  artifactKey: Guid(00000000000000003000000000000000) Importer(815301076,1909f56bfc062723c751e8b465ee728b)
Start importing ProjectSettings/TagManager.asset using Guid(00000000000000003000000000000000) Importer(815301076,1909f56bfc062723c751e8b465ee728b)  -> (artifact id: '8988b340c206bb1d98ca0d47b0266d3b') in 0.018141 seconds
  Import took 0.021720 seconds .

========================================================================
Received Import Request.
  Time since last request: 8.415598 seconds.
  path: Assets/BusPrefabs/BusStop.prefab
  artifactKey: Guid(a1fcfde1af730b845924e4f9ea7b7c6b) Importer(815301076,1909f56bfc062723c751e8b465ee728b)
Start importing Assets/BusPrefabs/BusStop.prefab using Guid(a1fcfde1af730b845924e4f9ea7b7c6b) Importer(815301076,1909f56bfc062723c751e8b465ee728b)  -> (artifact id: '8701bbf0faeda7db2be1fe104ee8e43d') in 0.135496 seconds
  Import took 0.139115 seconds .

========================================================================
Received Import Request.
  Time since last request: 5.614936 seconds.
  path: Assets/Scripts
  artifactKey: Guid(becea708d7f45aa4dbe9aeb51b8f6110) Importer(815301076,1909f56bfc062723c751e8b465ee728b)
Start importing Assets/Scripts using Guid(becea708d7f45aa4dbe9aeb51b8f6110) Importer(815301076,1909f56bfc062723c751e8b465ee728b)  -> (artifact id: '1f66910949682bbe8c99f139e4a26bb5') in 0.006905 seconds
  Import took 0.011127 seconds .

========================================================================
Received Import Request.
  Time since last request: 12.499020 seconds.
  path: Assets/Scripts/BusStop.cs
  artifactKey: Guid(c7414f74ff5792546b8c08005d876120) Importer(815301076,1909f56bfc062723c751e8b465ee728b)
Start importing Assets/Scripts/BusStop.cs using Guid(c7414f74ff5792546b8c08005d876120) Importer(815301076,1909f56bfc062723c751e8b465ee728b)  -> (artifact id: '9247f212edc0c2b6d9f16c151e931618') in 0.002423 seconds
  Import took 0.006452 seconds .

========================================================================
Received Import Request.
  Time since last request: 0.002231 seconds.
  path: Assets/Scripts/BusStop.cs
  artifactKey: Guid(c7414f74ff5792546b8c08005d876120) Importer(815301076,1909f56bfc062723c751e8b465ee728b)
Start importing Assets/Scripts/BusStop.cs using Guid(c7414f74ff5792546b8c08005d876120) Importer(815301076,1909f56bfc062723c751e8b465ee728b)  -> (artifact id: '9247f212edc0c2b6d9f16c151e931618') in 0.003989 seconds
  Import took 0.009409 seconds .

========================================================================
Received Prepare
Registering precompiled user dll's ...
Registered in 0.000968 seconds.
Begin MonoManager ReloadAssembly
Native extension for WindowsStandalone target not found
Native extension for OSXStandalone target not found
Native extension for WebGL target not found
Refreshing native plugins compatible for Editor in 0.35 ms, found 0 plugins.
Preloading 0 native plugins for Editor in 0.00 ms.
Invoked RoslynAnalysisRunner static constructor.
RoslynAnalysisRunner will not be running.
RoslynAnalysisRunner has terminated.
Mono: successfully reloaded assembly
- Completed reload, in  0.922 seconds
Platform modules already initialized, skipping
Shader 'Universal Render Pipeline/Particles/Lit': fallback shader 'Universal Render Pipeline/Particles/SimpleLit' not found
Refreshing native plugins compatible for Editor in 0.34 ms, found 0 plugins.
Preloading 0 native plugins for Editor in 0.00 ms.
Unloading 2267 Unused Serialized files (Serialized files now loaded: 0)
System memory in use before: 124.1 MB.
System memory in use after: 124.3 MB.

Unloading 6 unused Assets to reduce memory usage. Loaded Objects now: 3043.
Total: 2.419200 ms (FindLiveObjects: 0.296000 ms CreateObjectMapping: 0.140600 ms MarkObjects: 1.959500 ms  DeleteObjects: 0.022000 ms)

========================================================================
Received Prepare
Registering precompiled user dll's ...
Registered in 0.000964 seconds.
Begin MonoManager ReloadAssembly
Native extension for WindowsStandalone target not found
Native extension for OSXStandalone target not found
Native extension for WebGL target not found
Refreshing native plugins compatible for Editor in 0.42 ms, found 0 plugins.
Preloading 0 native plugins for Editor in 0.00 ms.
Invoked RoslynAnalysisRunner static constructor.
RoslynAnalysisRunner will not be running.
RoslynAnalysisRunner has terminated.
Mono: successfully reloaded assembly
- Completed reload, in  0.839 seconds
Platform modules already initialized, skipping
Shader 'Universal Render Pipeline/Particles/Lit': fallback shader 'Universal Render Pipeline/Particles/SimpleLit' not found
Refreshing native plugins compatible for Editor in 0.33 ms, found 0 plugins.
Preloading 0 native plugins for Editor in 0.00 ms.
Unloading 2267 Unused Serialized files (Serialized files now loaded: 0)
System memory in use before: 123.8 MB.
System memory in use after: 124.0 MB.

Unloading 5 unused Assets to reduce memory usage. Loaded Objects now: 3045.
Total: 2.435800 ms (FindLiveObjects: 0.268800 ms CreateObjectMapping: 0.129400 ms MarkObjects: 2.020900 ms  DeleteObjects: 0.015600 ms)

========================================================================
Received Prepare
Registering precompiled user dll's ...
Registered in 0.001437 seconds.
Begin MonoManager ReloadAssembly
Native extension for WindowsStandalone target not found
Native extension for OSXStandalone target not found
Native extension for WebGL target not found
Refreshing native plugins compatible for Editor in 0.34 ms, found 0 plugins.
Preloading 0 native plugins for Editor in 0.00 ms.
Invoked RoslynAnalysisRunner static constructor.
RoslynAnalysisRunner will not be running.
RoslynAnalysisRunner has terminated.
Mono: successfully reloaded assembly
- Completed reload, in  0.818 seconds
Platform modules already initialized, skipping
Shader 'Universal Render Pipeline/Particles/Lit': fallback shader 'Universal Render Pipeline/Particles/SimpleLit' not found
Refreshing native plugins compatible for Editor in 0.38 ms, found 0 plugins.
Preloading 0 native plugins for Editor in 0.00 ms.
Unloading 2267 Unused Serialized files (Serialized files now loaded: 0)
System memory in use before: 124.1 MB.
System memory in use after: 124.3 MB.

Unloading 5 unused Assets to reduce memory usage. Loaded Objects now: 3047.
Total: 2.777400 ms (FindLiveObjects: 0.468100 ms CreateObjectMapping: 0.164100 ms MarkObjects: 2.129600 ms  DeleteObjects: 0.014800 ms)

========================================================================
Received Import Request.
  Time since last request: 444.029748 seconds.
  path: Assets/Scenes/SampleScene.unity
  artifactKey: Guid(9fc0d4010bbf28b4594072e72b8655ab) Importer(815301076,1909f56bfc062723c751e8b465ee728b)
Start importing Assets/Scenes/SampleScene.unity using Guid(9fc0d4010bbf28b4594072e72b8655ab) Importer(815301076,1909f56bfc062723c751e8b465ee728b)  -> (artifact id: 'd1e59ea7b0fb5ee1f5d6ec120eed5223') in 0.019578 seconds
  Import took 0.024622 seconds .

========================================================================
Received Import Request.
  Time since last request: 43.235251 seconds.
  path: Assets/Scenes/Pepijn's superieure scene.unity
  artifactKey: Guid(9fc0d4010bbf28b4594072e72b8655ab) Importer(815301076,1909f56bfc062723c751e8b465ee728b)
Start importing Assets/Scenes/Pepijn's superieure scene.unity using Guid(9fc0d4010bbf28b4594072e72b8655ab) Importer(815301076,1909f56bfc062723c751e8b465ee728b)  -> (artifact id: 'f523749cb098779add8a0de88da66b8a') in 0.008724 seconds
  Import took 0.013083 seconds .

========================================================================
Received Prepare
Registering precompiled user dll's ...
Registered in 0.000994 seconds.
Begin MonoManager ReloadAssembly
Native extension for WindowsStandalone target not found
Native extension for OSXStandalone target not found
Native extension for WebGL target not found
Refreshing native plugins compatible for Editor in 0.34 ms, found 0 plugins.
Preloading 0 native plugins for Editor in 0.00 ms.
Invoked RoslynAnalysisRunner static constructor.
RoslynAnalysisRunner will not be running.
RoslynAnalysisRunner has terminated.
Mono: successfully reloaded assembly
- Completed reload, in  0.826 seconds
Platform modules already initialized, skipping
Shader 'Universal Render Pipeline/Particles/Lit': fallback shader 'Universal Render Pipeline/Particles/SimpleLit' not found
Refreshing native plugins compatible for Editor in 0.33 ms, found 0 plugins.
Preloading 0 native plugins for Editor in 0.00 ms.
Unloading 2267 Unused Serialized files (Serialized files now loaded: 0)
System memory in use before: 123.8 MB.
System memory in use after: 124.0 MB.

Unloading 5 unused Assets to reduce memory usage. Loaded Objects now: 3049.
Total: 2.302300 ms (FindLiveObjects: 0.344500 ms CreateObjectMapping: 0.136600 ms MarkObjects: 1.797700 ms  DeleteObjects: 0.022500 ms)

========================================================================
Received Prepare
Registering precompiled user dll's ...
Registered in 0.000928 seconds.
Begin MonoManager ReloadAssembly
Native extension for WindowsStandalone target not found
Native extension for OSXStandalone target not found
Native extension for WebGL target not found
Refreshing native plugins compatible for Editor in 0.54 ms, found 0 plugins.
Preloading 0 native plugins for Editor in 0.00 ms.
Invoked RoslynAnalysisRunner static constructor.
RoslynAnalysisRunner will not be running.
RoslynAnalysisRunner has terminated.
Mono: successfully reloaded assembly
- Completed reload, in  0.822 seconds
Platform modules already initialized, skipping
Shader 'Universal Render Pipeline/Particles/Lit': fallback shader 'Universal Render Pipeline/Particles/SimpleLit' not found
Refreshing native plugins compatible for Editor in 0.34 ms, found 0 plugins.
Preloading 0 native plugins for Editor in 0.00 ms.
Unloading 2267 Unused Serialized files (Serialized files now loaded: 0)
System memory in use before: 124.1 MB.
System memory in use after: 124.4 MB.

Unloading 5 unused Assets to reduce memory usage. Loaded Objects now: 3051.
Total: 2.129800 ms (FindLiveObjects: 0.249200 ms CreateObjectMapping: 0.108100 ms MarkObjects: 1.758200 ms  DeleteObjects: 0.013600 ms)

========================================================================
Received Prepare
Registering precompiled user dll's ...
Registered in 0.000954 seconds.
Begin MonoManager ReloadAssembly
Native extension for WindowsStandalone target not found
Native extension for OSXStandalone target not found
Native extension for WebGL target not found
Refreshing native plugins compatible for Editor in 0.37 ms, found 0 plugins.
Preloading 0 native plugins for Editor in 0.00 ms.
Invoked RoslynAnalysisRunner static constructor.
RoslynAnalysisRunner will not be running.
RoslynAnalysisRunner has terminated.
Mono: successfully reloaded assembly
- Completed reload, in  0.816 seconds
Platform modules already initialized, skipping
Shader 'Universal Render Pipeline/Particles/Lit': fallback shader 'Universal Render Pipeline/Particles/SimpleLit' not found
Refreshing native plugins compatible for Editor in 0.35 ms, found 0 plugins.
Preloading 0 native plugins for Editor in 0.00 ms.
Unloading 2267 Unused Serialized files (Serialized files now loaded: 0)
System memory in use before: 124.0 MB.
System memory in use after: 124.2 MB.

Unloading 5 unused Assets to reduce memory usage. Loaded Objects now: 3053.
Total: 2.036400 ms (FindLiveObjects: 0.282000 ms CreateObjectMapping: 0.115800 ms MarkObjects: 1.622400 ms  DeleteObjects: 0.015300 ms)

========================================================================
Received Prepare
Registering precompiled user dll's ...
Registered in 0.001088 seconds.
Begin MonoManager ReloadAssembly
Native extension for WindowsStandalone target not found
Native extension for OSXStandalone target not found
Native extension for WebGL target not found
Refreshing native plugins compatible for Editor in 0.39 ms, found 0 plugins.
Preloading 0 native plugins for Editor in 0.00 ms.
Invoked RoslynAnalysisRunner static constructor.
RoslynAnalysisRunner will not be running.
RoslynAnalysisRunner has terminated.
Mono: successfully reloaded assembly
- Completed reload, in  0.811 seconds
Platform modules already initialized, skipping
Shader 'Universal Render Pipeline/Particles/Lit': fallback shader 'Universal Render Pipeline/Particles/SimpleLit' not found
Refreshing native plugins compatible for Editor in 0.36 ms, found 0 plugins.
Preloading 0 native plugins for Editor in 0.00 ms.
Unloading 2267 Unused Serialized files (Serialized files now loaded: 0)
System memory in use before: 124.1 MB.
System memory in use after: 124.4 MB.

Unloading 5 unused Assets to reduce memory usage. Loaded Objects now: 3055.
Total: 2.289200 ms (FindLiveObjects: 0.266000 ms CreateObjectMapping: 0.112900 ms MarkObjects: 1.895100 ms  DeleteObjects: 0.014500 ms)

========================================================================
Received Prepare
Registering precompiled user dll's ...
Registered in 0.000990 seconds.
Begin MonoManager ReloadAssembly
Native extension for WindowsStandalone target not found
Native extension for OSXStandalone target not found
Native extension for WebGL target not found
Refreshing native plugins compatible for Editor in 0.47 ms, found 0 plugins.
Preloading 0 native plugins for Editor in 0.00 ms.
Invoked RoslynAnalysisRunner static constructor.
RoslynAnalysisRunner will not be running.
RoslynAnalysisRunner has terminated.
Mono: successfully reloaded assembly
- Completed reload, in  0.805 seconds
Platform modules already initialized, skipping
Shader 'Universal Render Pipeline/Particles/Lit': fallback shader 'Universal Render Pipeline/Particles/SimpleLit' not found
Refreshing native plugins compatible for Editor in 0.34 ms, found 0 plugins.
Preloading 0 native plugins for Editor in 0.00 ms.
Unloading 2267 Unused Serialized files (Serialized files now loaded: 0)
System memory in use before: 124.1 MB.
System memory in use after: 124.3 MB.

Unloading 5 unused Assets to reduce memory usage. Loaded Objects now: 3057.
Total: 2.283400 ms (FindLiveObjects: 0.289600 ms CreateObjectMapping: 0.121800 ms MarkObjects: 1.856200 ms  DeleteObjects: 0.015100 ms)

========================================================================
Received Prepare
Registering precompiled user dll's ...
Registered in 0.000997 seconds.
Begin MonoManager ReloadAssembly
Native extension for WindowsStandalone target not found
Native extension for OSXStandalone target not found
Native extension for WebGL target not found
Refreshing native plugins compatible for Editor in 0.37 ms, found 0 plugins.
Preloading 0 native plugins for Editor in 0.00 ms.
Invoked RoslynAnalysisRunner static constructor.
RoslynAnalysisRunner will not be running.
RoslynAnalysisRunner has terminated.
Mono: successfully reloaded assembly
- Completed reload, in  0.904 seconds
Platform modules already initialized, skipping
Shader 'Universal Render Pipeline/Particles/Lit': fallback shader 'Universal Render Pipeline/Particles/SimpleLit' not found
Refreshing native plugins compatible for Editor in 0.59 ms, found 0 plugins.
Preloading 0 native plugins for Editor in 0.00 ms.
Unloading 2267 Unused Serialized files (Serialized files now loaded: 0)
System memory in use before: 124.1 MB.
System memory in use after: 124.3 MB.

Unloading 5 unused Assets to reduce memory usage. Loaded Objects now: 3059.
Total: 2.752100 ms (FindLiveObjects: 0.602300 ms CreateObjectMapping: 0.201600 ms MarkObjects: 1.922900 ms  DeleteObjects: 0.021200 ms)

========================================================================
Received Prepare
Registering precompiled user dll's ...
Registered in 0.001008 seconds.
Begin MonoManager ReloadAssembly
Native extension for WindowsStandalone target not found
Native extension for OSXStandalone target not found
Native extension for WebGL target not found
Refreshing native plugins compatible for Editor in 0.43 ms, found 0 plugins.
Preloading 0 native plugins for Editor in 0.00 ms.
Invoked RoslynAnalysisRunner static constructor.
RoslynAnalysisRunner will not be running.
RoslynAnalysisRunner has terminated.
Mono: successfully reloaded assembly
- Completed reload, in  0.841 seconds
Platform modules already initialized, skipping
Shader 'Universal Render Pipeline/Particles/Lit': fallback shader 'Universal Render Pipeline/Particles/SimpleLit' not found
Refreshing native plugins compatible for Editor in 0.51 ms, found 0 plugins.
Preloading 0 native plugins for Editor in 0.00 ms.
Unloading 2267 Unused Serialized files (Serialized files now loaded: 0)
System memory in use before: 124.2 MB.
System memory in use after: 124.4 MB.

Unloading 5 unused Assets to reduce memory usage. Loaded Objects now: 3061.
Total: 3.230100 ms (FindLiveObjects: 0.417500 ms CreateObjectMapping: 0.193300 ms MarkObjects: 2.599300 ms  DeleteObjects: 0.019000 ms)

========================================================================
Received Prepare
Registering precompiled user dll's ...
Registered in 0.001167 seconds.
Begin MonoManager ReloadAssembly
Native extension for WindowsStandalone target not found
Native extension for OSXStandalone target not found
Native extension for WebGL target not found
Refreshing native plugins compatible for Editor in 0.36 ms, found 0 plugins.
Preloading 0 native plugins for Editor in 0.00 ms.
Invoked RoslynAnalysisRunner static constructor.
RoslynAnalysisRunner will not be running.
RoslynAnalysisRunner has terminated.
Mono: successfully reloaded assembly
- Completed reload, in  0.838 seconds
Platform modules already initialized, skipping
Shader 'Universal Render Pipeline/Particles/Lit': fallback shader 'Universal Render Pipeline/Particles/SimpleLit' not found
Refreshing native plugins compatible for Editor in 0.57 ms, found 0 plugins.
Preloading 0 native plugins for Editor in 0.00 ms.
Unloading 2267 Unused Serialized files (Serialized files now loaded: 0)
System memory in use before: 123.8 MB.
System memory in use after: 124.0 MB.

Unloading 5 unused Assets to reduce memory usage. Loaded Objects now: 3063.
Total: 2.544400 ms (FindLiveObjects: 0.396900 ms CreateObjectMapping: 0.156800 ms MarkObjects: 1.973800 ms  DeleteObjects: 0.015800 ms)

========================================================================
Received Prepare
Registering precompiled user dll's ...
Registered in 0.000987 seconds.
Begin MonoManager ReloadAssembly
Native extension for WindowsStandalone target not found
Native extension for OSXStandalone target not found
Native extension for WebGL target not found
Refreshing native plugins compatible for Editor in 0.46 ms, found 0 plugins.
Preloading 0 native plugins for Editor in 0.00 ms.
Invoked RoslynAnalysisRunner static constructor.
RoslynAnalysisRunner will not be running.
RoslynAnalysisRunner has terminated.
Mono: successfully reloaded assembly
- Completed reload, in  0.875 seconds
Platform modules already initialized, skipping
Shader 'Universal Render Pipeline/Particles/Lit': fallback shader 'Universal Render Pipeline/Particles/SimpleLit' not found
Refreshing native plugins compatible for Editor in 0.44 ms, found 0 plugins.
Preloading 0 native plugins for Editor in 0.00 ms.
Unloading 2267 Unused Serialized files (Serialized files now loaded: 0)
System memory in use before: 124.2 MB.
System memory in use after: 124.4 MB.

Unloading 5 unused Assets to reduce memory usage. Loaded Objects now: 3065.
Total: 2.620000 ms (FindLiveObjects: 0.321400 ms CreateObjectMapping: 0.137500 ms MarkObjects: 2.144900 ms  DeleteObjects: 0.015400 ms)

========================================================================
Received Prepare
Registering precompiled user dll's ...
Registered in 0.000987 seconds.
Begin MonoManager ReloadAssembly
Native extension for WindowsStandalone target not found
Native extension for OSXStandalone target not found
Native extension for WebGL target not found
Refreshing native plugins compatible for Editor in 0.35 ms, found 0 plugins.
Preloading 0 native plugins for Editor in 0.00 ms.
Invoked RoslynAnalysisRunner static constructor.
RoslynAnalysisRunner will not be running.
RoslynAnalysisRunner has terminated.
Mono: successfully reloaded assembly
- Completed reload, in  0.847 seconds
Platform modules already initialized, skipping
Shader 'Universal Render Pipeline/Particles/Lit': fallback shader 'Universal Render Pipeline/Particles/SimpleLit' not found
Refreshing native plugins compatible for Editor in 0.39 ms, found 0 plugins.
Preloading 0 native plugins for Editor in 0.00 ms.
Unloading 2267 Unused Serialized files (Serialized files now loaded: 0)
System memory in use before: 123.9 MB.
System memory in use after: 124.1 MB.

Unloading 5 unused Assets to reduce memory usage. Loaded Objects now: 3067.
Total: 2.393500 ms (FindLiveObjects: 0.397600 ms CreateObjectMapping: 0.184200 ms MarkObjects: 1.793600 ms  DeleteObjects: 0.016300 ms)

========================================================================
Received Prepare
Registering precompiled user dll's ...
Registered in 0.000991 seconds.
Begin MonoManager ReloadAssembly
Native extension for WindowsStandalone target not found
Native extension for OSXStandalone target not found
Native extension for WebGL target not found
Refreshing native plugins compatible for Editor in 0.42 ms, found 0 plugins.
Preloading 0 native plugins for Editor in 0.00 ms.
Invoked RoslynAnalysisRunner static constructor.
RoslynAnalysisRunner will not be running.
RoslynAnalysisRunner has terminated.
Mono: successfully reloaded assembly
- Completed reload, in  0.850 seconds
Platform modules already initialized, skipping
Shader 'Universal Render Pipeline/Particles/Lit': fallback shader 'Universal Render Pipeline/Particles/SimpleLit' not found
Refreshing native plugins compatible for Editor in 0.57 ms, found 0 plugins.
Preloading 0 native plugins for Editor in 0.00 ms.
Unloading 2267 Unused Serialized files (Serialized files now loaded: 0)
System memory in use before: 124.1 MB.
System memory in use after: 124.3 MB.

Unloading 5 unused Assets to reduce memory usage. Loaded Objects now: 3069.
Total: 3.073700 ms (FindLiveObjects: 0.607100 ms CreateObjectMapping: 0.277500 ms MarkObjects: 2.167400 ms  DeleteObjects: 0.020700 ms)

========================================================================
Received Prepare
Registering precompiled user dll's ...
Registered in 0.001739 seconds.
Begin MonoManager ReloadAssembly
Native extension for WindowsStandalone target not found
Native extension for OSXStandalone target not found
Native extension for WebGL target not found
Refreshing native plugins compatible for Editor in 0.34 ms, found 0 plugins.
Preloading 0 native plugins for Editor in 0.00 ms.
Invoked RoslynAnalysisRunner static constructor.
RoslynAnalysisRunner will not be running.
RoslynAnalysisRunner has terminated.
Mono: successfully reloaded assembly
- Completed reload, in  0.830 seconds
Platform modules already initialized, skipping
Shader 'Universal Render Pipeline/Particles/Lit': fallback shader 'Universal Render Pipeline/Particles/SimpleLit' not found
Refreshing native plugins compatible for Editor in 0.51 ms, found 0 plugins.
Preloading 0 native plugins for Editor in 0.00 ms.
Unloading 2267 Unused Serialized files (Serialized files now loaded: 0)
System memory in use before: 124.0 MB.
System memory in use after: 124.2 MB.

Unloading 5 unused Assets to reduce memory usage. Loaded Objects now: 3071.
Total: 2.280000 ms (FindLiveObjects: 0.268700 ms CreateObjectMapping: 0.115300 ms MarkObjects: 1.880700 ms  DeleteObjects: 0.014300 ms)

========================================================================
Received Import Request.
  Time since last request: 2673.681058 seconds.
  path: Assets/Scenes/Anna.unity
  artifactKey: Guid(995dfdbae3e471f46916c9af85e0fb23) Importer(815301076,1909f56bfc062723c751e8b465ee728b)
Start importing Assets/Scenes/Anna.unity using Guid(995dfdbae3e471f46916c9af85e0fb23) Importer(815301076,1909f56bfc062723c751e8b465ee728b)  -> (artifact id: '66efb6bafb84850ab27b1a2ca480858c') in 0.017886 seconds
  Import took 0.022427 seconds .

========================================================================
Received Import Request.
  Time since last request: 15.883224 seconds.
  path: Assets/Scenes/Anna.unity
  artifactKey: Guid(995dfdbae3e471f46916c9af85e0fb23) Importer(815301076,1909f56bfc062723c751e8b465ee728b)
Start importing Assets/Scenes/Anna.unity using Guid(995dfdbae3e471f46916c9af85e0fb23) Importer(815301076,1909f56bfc062723c751e8b465ee728b)  -> (artifact id: '97a57dc2d6ceb2d079b3e55ed510bb93') in 0.002852 seconds
  Import took 0.006561 seconds .

========================================================================
Received Import Request.
  Time since last request: 0.832516 seconds.
  path: Assets/Scenes/Chantal.unity
  artifactKey: Guid(2e2093d3a9d56b6428f3719fe88a0c43) Importer(815301076,1909f56bfc062723c751e8b465ee728b)
Start importing Assets/Scenes/Chantal.unity using Guid(2e2093d3a9d56b6428f3719fe88a0c43) Importer(815301076,1909f56bfc062723c751e8b465ee728b)  -> (artifact id: '01e65a5430d553b5f3aab9b0a7730880') in 0.009463 seconds
  Import took 0.014132 seconds .

========================================================================
Received Import Request.
  Time since last request: 5.008618 seconds.
  path: Assets/Scenes/Hedda.unity
  artifactKey: Guid(34ca75e46fb04414b936209902fccf2e) Importer(815301076,1909f56bfc062723c751e8b465ee728b)
Start importing Assets/Scenes/Hedda.unity using Guid(34ca75e46fb04414b936209902fccf2e) Importer(815301076,1909f56bfc062723c751e8b465ee728b)  -> (artifact id: '4549eac78d2d1e24405c6946862588ce') in 0.008712 seconds
  Import took 0.012901 seconds .

========================================================================
Received Import Request.
  Time since last request: 6.452326 seconds.
  path: Assets/Scenes/Thomas.unity
  artifactKey: Guid(cc094d34c096da648b3e7eb917a939c8) Importer(815301076,1909f56bfc062723c751e8b465ee728b)
Start importing Assets/Scenes/Thomas.unity using Guid(cc094d34c096da648b3e7eb917a939c8) Importer(815301076,1909f56bfc062723c751e8b465ee728b)  -> (artifact id: 'e4161581ac85a191d1f1f0bc0f88e2b2') in 0.008309 seconds
  Import took 0.012323 seconds .

========================================================================
Received Import Request.
  Time since last request: 4.091882 seconds.
  path: Assets/Scenes/Vera.unity
  artifactKey: Guid(92379d1ecaa957245a3ca104ff9e52bd) Importer(815301076,1909f56bfc062723c751e8b465ee728b)
Start importing Assets/Scenes/Vera.unity using Guid(92379d1ecaa957245a3ca104ff9e52bd) Importer(815301076,1909f56bfc062723c751e8b465ee728b)  -> (artifact id: 'ce5799ec9120c2a12b010f720382e93b') in 0.007196 seconds
  Import took 0.012901 seconds .

========================================================================
Received Import Request.
  Time since last request: 3.390079 seconds.
  path: Assets/Scenes/Pepijn's superieure scene.unity
  artifactKey: Guid(9fc0d4010bbf28b4594072e72b8655ab) Importer(815301076,1909f56bfc062723c751e8b465ee728b)
Start importing Assets/Scenes/Pepijn's superieure scene.unity using Guid(9fc0d4010bbf28b4594072e72b8655ab) Importer(815301076,1909f56bfc062723c751e8b465ee728b)  -> (artifact id: '24a853a8e5b97d4cc3b470e800a0c82a') in 0.003278 seconds
  Import took 0.008067 seconds .

========================================================================
Received Import Request.
  Time since last request: 0.571311 seconds.
  path: Assets/Scenes/Thomas.unity
  artifactKey: Guid(cc094d34c096da648b3e7eb917a939c8) Importer(815301076,1909f56bfc062723c751e8b465ee728b)
Start importing Assets/Scenes/Thomas.unity using Guid(cc094d34c096da648b3e7eb917a939c8) Importer(815301076,1909f56bfc062723c751e8b465ee728b)  -> (artifact id: '5b087612490d1cc8c83010293daff1a9') in 0.003196 seconds
  Import took 0.008068 seconds .

AssetImportWorkerClient::OnTransportError - code=2 error=End of file
